生成启动时间为 2020/12/20 19:36:57。
     1>项目“E:\code\COMOut\Win32Project1\Win32Project1.vcxproj”在节点 2 上(Rebuild 个目标)。
     1>Midl:
         C:\Program Files (x86)\Microsoft SDKs\Windows\v7.1A\bin\midl.exe /W1 /nologo /char signed /env win32 /h "源_h.h" /tlb "Debug\Win32Project1.tlb" "源.idl" 
         Processing .\源.idl
         源.idl
         Processing C:\Program Files (x86)\Microsoft SDKs\Windows\v7.1A\include\unknwn.idl
         unknwn.idl
         Processing C:\Program Files (x86)\Microsoft SDKs\Windows\v7.1A\include\wtypes.idl
         wtypes.idl
         Processing C:\Program Files (x86)\Microsoft SDKs\Windows\v7.1A\include\basetsd.h
         basetsd.h
         Processing C:\Program Files (x86)\Microsoft SDKs\Windows\v7.1A\include\guiddef.h
         guiddef.h
         Processing C:\Program Files (x86)\Microsoft SDKs\Windows\v7.1A\include\oaidl.idl
         oaidl.idl
         Processing C:\Program Files (x86)\Microsoft SDKs\Windows\v7.1A\include\objidl.idl
         objidl.idl
         Processing C:\Program Files (x86)\Microsoft SDKs\Windows\v7.1A\include\ocidl.idl
         ocidl.idl
         Processing C:\Program Files (x86)\Microsoft SDKs\Windows\v7.1A\include\oleidl.idl
         oleidl.idl
         Processing C:\Program Files (x86)\Microsoft SDKs\Windows\v7.1A\include\servprov.idl
         servprov.idl
         Processing C:\Program Files (x86)\Microsoft SDKs\Windows\v7.1A\include\urlmon.idl
         urlmon.idl
         Processing C:\Program Files (x86)\Microsoft SDKs\Windows\v7.1A\include\msxml.idl
         msxml.idl
         Processing C:\Program Files (x86)\Microsoft SDKs\Windows\v7.1A\include\oaidl.acf
         oaidl.acf
         Processing C:\Program Files (x86)\Microsoft SDKs\Windows\v7.1A\include\ocidl.acf
         ocidl.acf
       ClCompile:
         D:\Program Files (x86)\Microsoft Visual Studio 12.0\VC\bin\CL.exe /c /ZI /nologo /W3 /WX- /sdl /Od /Oy- /D WIN32 /D _DEBUG /D _WINDOWS /D _USRDLL /D WIN32PROJECT1_EXPORTS /D _USING_V110_SDK71_ /D _WINDLL /D _UNICODE /D UNICODE /Gm /EHsc /RTC1 /MDd /GS /fp:precise /Zc:wchar_t /Zc:forScope /Fo"Debug\\" /Fd"Debug\vc120.pdb" /Gd /TC /analyze- /errorReport:prompt dlldata.c "源_i.c" "源_p.c"
         源_p.c
         源_i.c
         dlldata.c
         正在生成代码...
       Link:
         D:\Program Files (x86)\Microsoft Visual Studio 12.0\VC\bin\link.exe /ERRORREPORT:PROMPT /OUT:"E:\code\COMOut\Debug\Win32Project1.dll" /INCREMENTAL /NOLOGO rpcrt4.lib kernel32.lib user32.lib gdi32.lib winspool.lib comdlg32.lib advapi32.lib shell32.lib ole32.lib oleaut32.lib uuid.lib odbc32.lib odbccp32.lib /DEF:"Source.def" /MANIFEST /MANIFESTUAC:"level='asInvoker' uiAccess='false'" /manifest:embed /DEBUG /PDB:"E:\code\COMOut\Debug\Win32Project1.pdb" /SUBSYSTEM:WINDOWS,"5.01" /TLBID:1 /DYNAMICBASE /NXCOMPAT /IMPLIB:"E:\code\COMOut\Debug\Win32Project1.lib" /MACHINE:X86 /DLL Debug\dlldata.obj
         "Debug\源_i.obj"
         "Debug\源_p.obj"
     1>Source.def : error LNK2001: 无法解析的外部符号 DllRegisterServer
     1>Source.def : error LNK2001: 无法解析的外部符号 DllUnregisterServer
     1>E:\code\COMOut\Debug\Win32Project1.lib : fatal error LNK1120: 2 个无法解析的外部命令
     1>已完成生成项目“E:\code\COMOut\Win32Project1\Win32Project1.vcxproj”(Rebuild 个目标)的操作 - 失败。

生成失败。

已用时间 00:00:06.71
